SpecialKey			     xxx ctermfg=81 guifg=Cyan
EndOfBuffer			    xxx links to NonText
TermCursor			     xxx cterm=reverse gui=reverse
TermCursorNC			   xxx cleared
NonText			        xxx ctermfg=12 gui=bold guifg=Blue
Directory			      xxx ctermfg=159 guifg=Cyan
ErrorMsg			       xxx ctermfg=15 ctermbg=1 guifg=White guibg=Red
IncSearch			      xxx cterm=reverse gui=reverse
Search			         xxx ctermfg=0 ctermbg=11 guifg=Black guibg=Yellow
MoreMsg			        xxx ctermfg=121 gui=bold guifg=SeaGreen
ModeMsg			        xxx cterm=bold gui=bold
LineNr			         xxx ctermfg=11 guifg=Yellow
CursorLineNr			   xxx ctermfg=11 gui=bold guifg=Yellow
Question			       xxx ctermfg=121 gui=bold guifg=Green
StatusLine			     xxx cterm=bold,reverse gui=bold,reverse
StatusLineNC			   xxx cterm=reverse gui=reverse
VertSplit			      xxx cterm=reverse gui=reverse
Title			          xxx ctermfg=225 gui=bold guifg=Magenta
Visual			         xxx ctermbg=242 guibg=DarkGrey
VisualNC			       xxx cleared
WarningMsg			     xxx ctermfg=224 guifg=Red
WildMenu			       xxx ctermfg=0 ctermbg=11 guifg=Black guibg=Yellow
Folded			         xxx ctermfg=14 ctermbg=242 guifg=Cyan guibg=DarkGrey
FoldColumn			     xxx ctermfg=14 ctermbg=242 guifg=Cyan guibg=Grey
DiffAdd			        xxx ctermbg=4 guibg=DarkBlue
DiffChange			     xxx ctermbg=5 guibg=DarkMagenta
DiffDelete			     xxx ctermfg=12 ctermbg=6 gui=bold guifg=Blue guibg=DarkCyan
DiffText			       xxx cterm=bold ctermbg=9 gui=bold guibg=Red
SignColumn			     xxx ctermfg=14 ctermbg=242 guifg=Cyan guibg=Grey
Conceal			        xxx ctermfg=7 ctermbg=242 guifg=LightGrey guibg=DarkGrey
SpellBad			       xxx ctermbg=9 gui=undercurl guisp=Red
SpellCap			       xxx ctermbg=12 gui=undercurl guisp=Blue
SpellRare			      xxx ctermbg=13 gui=undercurl guisp=Magenta
SpellLocal			     xxx ctermbg=14 gui=undercurl guisp=Cyan
Pmenu			          xxx ctermfg=0 ctermbg=13 guibg=Magenta
PmenuSel			       xxx ctermfg=242 ctermbg=0 guibg=DarkGrey
PmenuSbar			      xxx ctermbg=248 guibg=Grey
PmenuThumb			     xxx ctermbg=15 guibg=White
TabLine			        xxx cterm=underline ctermfg=15 ctermbg=242 gui=underline guibg=DarkGrey
TabLineSel			     xxx cterm=bold gui=bold
TabLineFill			    xxx cterm=reverse gui=reverse
CursorColumn			   xxx ctermbg=242 guibg=Grey40
CursorLine			     xxx cterm=underline guibg=Grey40
ColorColumn			    xxx ctermbg=1 guibg=DarkRed
QuickFixLine			   xxx links to Search
Whitespace			     xxx links to NonText
NormalNC			       xxx cleared
MsgSeparator			   xxx links to StatusLine
NormalFloat			    xxx links to Pmenu
MsgArea			        xxx cleared
FloatBorder			    xxx links to VertSplit
RedrawDebugNormal			 xxx cterm=reverse gui=reverse
RedrawDebugClear			 xxx ctermbg=11 guibg=Yellow
RedrawDebugComposed			 xxx ctermbg=10 guibg=Green
RedrawDebugRecompose			 xxx ctermbg=9 guibg=Red
Cursor			         xxx guifg=bg guibg=fg
lCursor			        xxx guifg=bg guibg=fg
Normal			         xxx cleared
Substitute			     xxx links to Search
FloatShadow			    xxx guibg=Black blend=80
FloatShadowThrough			 xxx guibg=Black blend=100
MatchParen			     xxx ctermbg=6 guibg=DarkCyan
NvimInternalError			 xxx ctermfg=9 ctermbg=9 guifg=Red guibg=Red
NvimAssignment			 xxx links to Operator
Operator			       xxx links to Statement
NvimPlainAssignment			 xxx links to NvimAssignment
NvimAugmentedAssignment			 xxx links to NvimAssignment
NvimAssignmentWithAddition			 xxx links to NvimAugmentedAssignment
NvimAssignmentWithSubtraction			 xxx links to NvimAugmentedAssignment
NvimAssignmentWithConcatenation			 xxx links to NvimAugmentedAssignment
NvimOperator			   xxx links to Operator
NvimUnaryOperator			 xxx links to NvimOperator
NvimUnaryPlus			  xxx links to NvimUnaryOperator
NvimUnaryMinus			 xxx links to NvimUnaryOperator
NvimNot			        xxx links to NvimUnaryOperator
NvimBinaryOperator			 xxx links to NvimOperator
NvimComparison			 xxx links to NvimBinaryOperator
NvimComparisonModifier			 xxx links to NvimComparison
NvimBinaryPlus			 xxx links to NvimBinaryOperator
NvimBinaryMinus			 xxx links to NvimBinaryOperator
NvimConcat			     xxx links to NvimBinaryOperator
NvimConcatOrSubscript			 xxx links to NvimConcat
NvimOr			         xxx links to NvimBinaryOperator
NvimAnd			        xxx links to NvimBinaryOperator
NvimMultiplication			 xxx links to NvimBinaryOperator
NvimDivision			   xxx links to NvimBinaryOperator
NvimMod			        xxx links to NvimBinaryOperator
NvimTernary			    xxx links to NvimOperator
NvimTernaryColon			 xxx links to NvimTernary
NvimParenthesis			 xxx links to Delimiter
Delimiter			      xxx links to Special
NvimLambda			     xxx links to NvimParenthesis
NvimNestingParenthesis			 xxx links to NvimParenthesis
NvimCallingParenthesis			 xxx links to NvimParenthesis
NvimSubscript			  xxx links to NvimParenthesis
NvimSubscriptBracket			 xxx links to NvimSubscript
NvimSubscriptColon			 xxx links to NvimSubscript
NvimCurly			      xxx links to NvimSubscript
NvimContainer			  xxx links to NvimParenthesis
NvimDict			       xxx links to NvimContainer
NvimList			       xxx links to NvimContainer
NvimIdentifier			 xxx links to Identifier
Identifier			     xxx cterm=bold ctermfg=14 guifg=#40ffff
NvimIdentifierScope			 xxx links to NvimIdentifier
NvimIdentifierScopeDelimiter			 xxx links to NvimIdentifier
NvimIdentifierName			 xxx links to NvimIdentifier
NvimIdentifierKey			 xxx links to NvimIdentifier
NvimColon			      xxx links to Delimiter
NvimComma			      xxx links to Delimiter
NvimArrow			      xxx links to Delimiter
NvimRegister			   xxx links to SpecialChar
SpecialChar			    xxx links to Special
NvimNumber			     xxx links to Number
Number			         xxx links to Constant
NvimFloat			      xxx links to NvimNumber
NvimNumberPrefix			 xxx links to Type
Type			           xxx ctermfg=121 gui=bold guifg=#60ff60
NvimOptionSigil			 xxx links to Type
NvimOptionName			 xxx links to NvimIdentifier
NvimOptionScope			 xxx links to NvimIdentifierScope
NvimOptionScopeDelimiter			 xxx links to NvimIdentifierScopeDelimiter
NvimEnvironmentSigil			 xxx links to NvimOptionSigil
NvimEnvironmentName			 xxx links to NvimIdentifier
NvimString			     xxx links to String
String			         xxx links to Constant
NvimStringBody			 xxx links to NvimString
NvimStringQuote			 xxx links to NvimString
NvimStringSpecial			 xxx links to SpecialChar
NvimSingleQuote			 xxx links to NvimStringQuote
NvimSingleQuotedBody			 xxx links to NvimStringBody
NvimSingleQuotedQuote			 xxx links to NvimStringSpecial
NvimDoubleQuote			 xxx links to NvimStringQuote
NvimDoubleQuotedBody			 xxx links to NvimStringBody
NvimDoubleQuotedEscape			 xxx links to NvimStringSpecial
NvimFigureBrace			 xxx links to NvimInternalError
NvimSingleQuotedUnknownEscape			 xxx links to NvimInternalError
NvimSpacing			    xxx links to Normal
NvimInvalidSingleQuotedUnknownEscape			 xxx links to NvimInternalError
NvimInvalid			    xxx links to Error
Error			          xxx ctermfg=15 ctermbg=9 guifg=White guibg=Red
NvimInvalidAssignment			 xxx links to NvimInvalid
NvimInvalidPlainAssignment			 xxx links to NvimInvalidAssignment
NvimInvalidAugmentedAssignment			 xxx links to NvimInvalidAssignment
NvimInvalidAssignmentWithAddition			 xxx links to NvimInvalidAugmentedAssignment
NvimInvalidAssignmentWithSubtraction			 xxx links to NvimInvalidAugmentedAssignment
NvimInvalidAssignmentWithConcatenation			 xxx links to NvimInvalidAugmentedAssignment
NvimInvalidOperator			 xxx links to NvimInvalid
NvimInvalidUnaryOperator			 xxx links to NvimInvalidOperator
NvimInvalidUnaryPlus			 xxx links to NvimInvalidUnaryOperator
NvimInvalidUnaryMinus			 xxx links to NvimInvalidUnaryOperator
NvimInvalidNot			 xxx links to NvimInvalidUnaryOperator
NvimInvalidBinaryOperator			 xxx links to NvimInvalidOperator
NvimInvalidComparison			 xxx links to NvimInvalidBinaryOperator
NvimInvalidComparisonModifier			 xxx links to NvimInvalidComparison
NvimInvalidBinaryPlus			 xxx links to NvimInvalidBinaryOperator
NvimInvalidBinaryMinus			 xxx links to NvimInvalidBinaryOperator
NvimInvalidConcat			 xxx links to NvimInvalidBinaryOperator
NvimInvalidConcatOrSubscript			 xxx links to NvimInvalidConcat
NvimInvalidOr			  xxx links to NvimInvalidBinaryOperator
NvimInvalidAnd			 xxx links to NvimInvalidBinaryOperator
NvimInvalidMultiplication			 xxx links to NvimInvalidBinaryOperator
NvimInvalidDivision			 xxx links to NvimInvalidBinaryOperator
NvimInvalidMod			 xxx links to NvimInvalidBinaryOperator
NvimInvalidTernary			 xxx links to NvimInvalidOperator
NvimInvalidTernaryColon			 xxx links to NvimInvalidTernary
NvimInvalidDelimiter			 xxx links to NvimInvalid
NvimInvalidParenthesis			 xxx links to NvimInvalidDelimiter
NvimInvalidLambda			 xxx links to NvimInvalidParenthesis
NvimInvalidNestingParenthesis			 xxx links to NvimInvalidParenthesis
NvimInvalidCallingParenthesis			 xxx links to NvimInvalidParenthesis
NvimInvalidSubscript			 xxx links to NvimInvalidParenthesis
NvimInvalidSubscriptBracket			 xxx links to NvimInvalidSubscript
NvimInvalidSubscriptColon			 xxx links to NvimInvalidSubscript
NvimInvalidCurly			 xxx links to NvimInvalidSubscript
NvimInvalidContainer			 xxx links to NvimInvalidParenthesis
NvimInvalidDict			 xxx links to NvimInvalidContainer
NvimInvalidList			 xxx links to NvimInvalidContainer
NvimInvalidValue			 xxx links to NvimInvalid
NvimInvalidIdentifier			 xxx links to NvimInvalidValue
NvimInvalidIdentifierScope			 xxx links to NvimInvalidIdentifier
NvimInvalidIdentifierScopeDelimiter			 xxx links to NvimInvalidIdentifier
NvimInvalidIdentifierName			 xxx links to NvimInvalidIdentifier
NvimInvalidIdentifierKey			 xxx links to NvimInvalidIdentifier
NvimInvalidColon			 xxx links to NvimInvalidDelimiter
NvimInvalidComma			 xxx links to NvimInvalidDelimiter
NvimInvalidArrow			 xxx links to NvimInvalidDelimiter
NvimInvalidRegister			 xxx links to NvimInvalidValue
NvimInvalidNumber			 xxx links to NvimInvalidValue
NvimInvalidFloat			 xxx links to NvimInvalidNumber
NvimInvalidNumberPrefix			 xxx links to NvimInvalidNumber
NvimInvalidOptionSigil			 xxx links to NvimInvalidIdentifier
NvimInvalidOptionName			 xxx links to NvimInvalidIdentifier
NvimInvalidOptionScope			 xxx links to NvimInvalidIdentifierScope
NvimInvalidOptionScopeDelimiter			 xxx links to NvimInvalidIdentifierScopeDelimiter
NvimInvalidEnvironmentSigil			 xxx links to NvimInvalidOptionSigil
NvimInvalidEnvironmentName			 xxx links to NvimInvalidIdentifier
NvimInvalidString			 xxx links to NvimInvalidValue
NvimInvalidStringBody			 xxx links to NvimStringBody
NvimInvalidStringQuote			 xxx links to NvimInvalidString
NvimInvalidStringSpecial			 xxx links to NvimStringSpecial
NvimInvalidSingleQuote			 xxx links to NvimInvalidStringQuote
NvimInvalidSingleQuotedBody			 xxx links to NvimInvalidStringBody
NvimInvalidSingleQuotedQuote			 xxx links to NvimInvalidStringSpecial
NvimInvalidDoubleQuote			 xxx links to NvimInvalidStringQuote
NvimInvalidDoubleQuotedBody			 xxx links to NvimInvalidStringBody
NvimInvalidDoubleQuotedEscape			 xxx links to NvimInvalidStringSpecial
NvimInvalidDoubleQuotedUnknownEscape			 xxx links to NvimInvalidValue
NvimInvalidFigureBrace			 xxx links to NvimInvalidDelimiter
NvimInvalidSpacing			 xxx links to ErrorMsg
NvimDoubleQuotedUnknownEscape			 xxx links to NvimInvalidValue
Comment			        xxx ctermfg=14 guifg=#80a0ff
Constant			       xxx ctermfg=13 guifg=#ffa0a0
Special			        xxx ctermfg=224 guifg=Orange
Statement			      xxx ctermfg=11 gui=bold guifg=#ffff60
PreProc			        xxx ctermfg=81 guifg=#ff80ff
Underlined			     xxx cterm=underline ctermfg=81 gui=underline guifg=#80a0ff
Ignore			         xxx ctermfg=0 guifg=bg
Todo			           xxx ctermfg=0 ctermbg=11 guifg=Blue guibg=Yellow
Character			      xxx links to Constant
Boolean			        xxx links to Constant
Float			          xxx links to Number
Function			       xxx links to Identifier
Conditional			    xxx links to Statement
Repeat			         xxx links to Statement
Label			          xxx links to Statement
Keyword			        xxx links to Statement
Exception			      xxx links to Statement
Include			        xxx links to PreProc
Define			         xxx links to PreProc
Macro			          xxx links to PreProc
PreCondit			      xxx links to PreProc
StorageClass			   xxx links to Type
Structure			      xxx links to Type
Typedef			        xxx links to Type
Tag			            xxx links to Special
SpecialComment			 xxx links to Special
Debug			          xxx links to Special
LspDiagnosticsDefaultHint			 xxx guifg=LightGrey
LspDiagnosticsVirtualTextHint			 xxx links to LspDiagnosticsDefaultHint
LspDiagnosticsFloatingHint			 xxx links to LspDiagnosticsDefaultHint
LspDiagnosticsSignHint			 xxx links to LspDiagnosticsDefaultHint
LspDiagnosticsDefaultError			 xxx guifg=Red
LspDiagnosticsVirtualTextError			 xxx links to LspDiagnosticsDefaultError
LspDiagnosticsFloatingError			 xxx links to LspDiagnosticsDefaultError
LspDiagnosticsSignError			 xxx links to LspDiagnosticsDefaultError
LspDiagnosticsDefaultWarning			 xxx guifg=Orange
LspDiagnosticsVirtualTextWarning			 xxx links to LspDiagnosticsDefaultWarning
LspDiagnosticsFloatingWarning			 xxx links to LspDiagnosticsDefaultWarning
LspDiagnosticsSignWarning			 xxx links to LspDiagnosticsDefaultWarning
LspDiagnosticsDefaultInformation			 xxx guifg=LightBlue
LspDiagnosticsVirtualTextInformation			 xxx links to LspDiagnosticsDefaultInformation
LspDiagnosticsFloatingInformation			 xxx links to LspDiagnosticsDefaultInformation
LspDiagnosticsSignInformation			 xxx links to LspDiagnosticsDefaultInformation
               xxx cleared
LspDiagnosticsUnderlineError			 xxx cterm=underline gui=underline guisp=Red
LspDiagnosticsUnderlineWarning			 xxx cterm=underline gui=underline guisp=Orange
LspDiagnosticsUnderlineInformation			 xxx cterm=underline gui=underline guisp=LightBlue
LspDiagnosticsUnderlineHint			 xxx cterm=underline gui=underline guisp=LightGrey
LspDiagnosticsDefaulError			 xxx cleared
LspDiagnosticsDefaulWarning			 xxx cleared
LspDiagnosticsDefaulInformation			 xxx cleared
LspDiagnosticsDefaulHint			 xxx cleared
TSNone			         xxx cleared
TSPunctDelimiter			 xxx links to Delimiter
TSPunctBracket			 xxx links to Delimiter
TSPunctSpecial			 xxx links to Delimiter
TSConstant			     xxx links to Constant
TSConstBuiltin			 xxx links to Special
TSConstMacro			   xxx links to Define
TSString			       xxx links to String
TSStringRegex			  xxx links to String
TSStringEscape			 xxx links to SpecialChar
TSStringSpecial			 xxx links to SpecialChar
TSCharacter			    xxx links to Character
TSNumber			       xxx links to Number
TSBoolean			      xxx links to Boolean
TSFloat			        xxx links to Float
TSFunction			     xxx links to Function
TSFuncBuiltin			  xxx links to Special
TSFuncMacro			    xxx links to Macro
TSParameter			    xxx links to Identifier
TSParameterReference			 xxx links to TSParameter
TSMethod			       xxx links to Function
TSField			        xxx links to Identifier
TSProperty			     xxx links to Identifier
TSConstructor			  xxx links to Special
TSAnnotation			   xxx links to PreProc
TSAttribute			    xxx links to PreProc
TSNamespace			    xxx links to Include
TSSymbol			       xxx links to Identifier
TSConditional			  xxx links to Conditional
TSRepeat			       xxx links to Repeat
TSLabel			        xxx links to Label
TSOperator			     xxx links to Operator
TSKeyword			      xxx links to Keyword
TSKeywordFunction			 xxx links to Keyword
TSKeywordOperator			 xxx links to TSOperator
TSKeywordReturn			 xxx links to TSKeyword
TSException			    xxx links to Exception
TSType			         xxx links to Type
TSTypeBuiltin			  xxx links to Type
TSInclude			      xxx links to Include
TSVariableBuiltin			 xxx links to Special
TSText			         xxx links to TSNone
TSStrong			       xxx cterm=bold gui=bold
TSEmphasis			     xxx cterm=italic gui=italic
TSUnderline			    xxx cterm=underline gui=underline
TSStrike			       xxx cterm=strikethrough gui=strikethrough
TSMath			         xxx links to Special
TSTextReference			 xxx links to Constant
TSEnvironment			  xxx links to Macro
TSEnvironmentName			 xxx links to Type
TSTitle			        xxx links to Title
TSLiteral			      xxx links to String
TSURI			          xxx links to Underlined
TSComment			      xxx links to Comment
TSNote			         xxx links to SpecialComment
TSWarning			      xxx links to Todo
TSDanger			       xxx links to WarningMsg
TSTag			          xxx links to Label
TSTagDelimiter			 xxx links to Delimiter
TSTagAttribute			 xxx links to TSProperty
TSPlaygroundFocus			 xxx links to Visual
TSQueryLinterError			 xxx links to Error
TSPlaygroundLang			 xxx links to String
luaTodo			        xxx links to Todo
luaComment			     xxx links to Comment
luaInnerComment			 xxx cleared
luaParenError			  xxx links to Error
luaSpecial			     xxx links to SpecialChar
luaIfThen			      xxx cleared
luaElseifThen			  xxx cleared
luaElse			        xxx links to Conditional
luaThenEnd			     xxx cleared
luaBlock			       xxx cleared
luaLoopBlock			   xxx cleared
luaIn			          xxx links to Operator
luaStatement			   xxx links to Statement
luaParen			       xxx cleared
luaTable			       xxx links to Structure
luaBraceError			  xxx links to Error
luaTableBlock			  xxx cleared
luaError			       xxx links to Error
luaFunction			    xxx links to Function
luaFunctionBlock			 xxx cleared
luaCond			        xxx links to Conditional
luaRepeat			      xxx links to Repeat
luaLabel			       xxx links to Label
luaOperator			    xxx links to Operator
luaConstant			    xxx links to Constant
luaString2			     xxx links to String
luaString			      xxx links to String
luaNumber			      xxx links to Number
luaFunc			        xxx links to Identifier
luaFor			         xxx links to Repeat
luaTSKeyword			   xxx links to TSKeyword
luaTSVariable			  xxx links to TSVariable
TSVariable			     xxx cleared
luaTSPunctDelimiter			 xxx links to TSPunctDelimiter
luaTSOperator			  xxx links to TSOperator
luaTSFunction			  xxx links to TSFunction
luaTSFuncBuiltin			 xxx links to TSFuncBuiltin
luaTSPunctBracket			 xxx links to TSPunctBracket
luaTSString			    xxx links to TSString
luaTSConditional			 xxx links to TSConditional
luaTSKeywordOperator			 xxx links to TSKeywordOperator
luaTSKeywordReturn			 xxx links to TSKeywordReturn
luaTSKeywordFunction			 xxx links to TSKeywordFunction
luaTSParameter			 xxx links to TSParameter
luaTSProperty			  xxx links to TSProperty
luaTSConstructor			 xxx links to TSConstructor
luaTSField			     xxx links to TSField
luaTSBoolean			   xxx links to TSBoolean
luaTSRepeat			    xxx links to TSRepeat
luaTSNumber			    xxx links to TSNumber
htmlError			      xxx links to Error
htmlSpecialChar			 xxx links to Special
javaScriptExpression			 xxx links to javaScript
htmlString			     xxx links to String
htmlValue			      xxx links to String
htmlTagN			       xxx cleared
htmlTagError			   xxx links to htmlError
htmlEndTag			     xxx links to Identifier
htmlArg			        xxx links to Type
htmlEvent			      xxx links to javaScript
htmlCssDefinition			 xxx links to Special
htmlTag			        xxx links to Function
htmlTagName			    xxx links to htmlStatement
htmlSpecialTagName			 xxx links to Exception
htmlCommentError			 xxx links to htmlError
htmlComment			    xxx links to Comment
htmlCommentNested			 xxx links to htmlError
htmlPreStmt			    xxx links to PreProc
htmlPreError			   xxx links to Error
htmlPreAttr			    xxx links to String
htmlPreProc			    xxx links to PreProc
htmlPreProcAttrError			 xxx links to Error
htmlPreProcAttrName			 xxx links to PreProc
htmlLink			       xxx links to Underlined
javaScript			     xxx links to Special
htmlStrike			     xxx cterm=strikethrough gui=strikethrough
htmlBoldUnderline			 xxx cterm=bold,underline gui=bold,underline
htmlBoldItalic			 xxx cterm=bold,italic gui=bold,italic
htmlBold			       xxx cterm=bold gui=bold
htmlBoldUnderlineItalic			 xxx cterm=bold,underline,italic gui=bold,underline,italic
htmlBoldItalicUnderline			 xxx links to htmlBoldUnderlineItalic
htmlUnderlineBold			 xxx links to htmlBoldUnderline
htmlUnderlineItalic			 xxx cterm=underline,italic gui=underline,italic
htmlUnderline			  xxx cterm=underline gui=underline
htmlUnderlineBoldItalic			 xxx links to htmlBoldUnderlineItalic
htmlUnderlineItalicBold			 xxx links to htmlBoldUnderlineItalic
htmlItalicBold			 xxx links to htmlBoldItalic
htmlItalicUnderline			 xxx links to htmlUnderlineItalic
htmlItalic			     xxx cterm=italic gui=italic
htmlItalicBoldUnderline			 xxx links to htmlBoldUnderlineItalic
htmlItalicUnderlineBold			 xxx links to htmlBoldUnderlineItalic
htmlLeadingSpace			 xxx links to None
htmlH1			         xxx links to Title
htmlH2			         xxx links to htmlH1
htmlH3			         xxx links to htmlH2
htmlH4			         xxx links to htmlH3
htmlH5			         xxx links to htmlH4
htmlH6			         xxx links to htmlH5
htmlTitle			      xxx links to Title
cssStyle			       xxx cleared
htmlHead			       xxx links to PreProc
javaScriptCommentTodo			 xxx links to Todo
javaScriptLineComment			 xxx links to Comment
javaScriptCommentSkip			 xxx cleared
javaScriptComment			 xxx links to Comment
javaScriptSpecial			 xxx links to Special
javaScriptStringD			 xxx links to String
javaScriptStringS			 xxx links to String
javaScriptEmbed			 xxx links to Special
javaScriptStringT			 xxx links to String
javaScriptSpecialCharacter			 xxx links to javaScriptSpecial
javaScriptNumber			 xxx links to javaScriptValue
javaScriptRegexpString			 xxx links to String
javaScriptConditional			 xxx links to Conditional
javaScriptRepeat			 xxx links to Repeat
javaScriptBranch			 xxx links to Conditional
javaScriptOperator			 xxx links to Operator
javaScriptType			 xxx links to Type
javaScriptStatement			 xxx links to Statement
javaScriptBoolean			 xxx links to Boolean
javaScriptNull			 xxx links to Keyword
javaScriptIdentifier			 xxx links to Identifier
javaScriptLabel			 xxx links to Label
javaScriptException			 xxx links to Exception
javaScriptMessage			 xxx links to Keyword
javaScriptGlobal			 xxx links to Keyword
javaScriptMember			 xxx links to Keyword
javaScriptDeprecated			 xxx links to Exception
javaScriptReserved			 xxx links to Keyword
javaScriptFunction			 xxx links to Function
javaScriptBraces			 xxx links to Function
javaScriptParens			 xxx cleared
javaScriptCharacter			 xxx links to Character
javaScriptValue			 xxx cleared
javaScriptError			 xxx links to Error
javaScrParenError			 xxx links to javaScriptError
javaScriptDebug			 xxx links to Debug
javaScriptConstant			 xxx links to Label
htmlCssStyleComment			 xxx links to Comment
htmlScriptTag			  xxx links to htmlTag
htmlEventSQ			    xxx links to htmlEvent
htmlEventDQ			    xxx links to htmlEvent
vbConditional			  xxx links to Conditional
vbOperator			     xxx links to Operator
vbBoolean			      xxx links to Boolean
vbConst			        xxx links to Constant
vbRepeat			       xxx links to Repeat
vbEvents			       xxx links to Special
vbFunction			     xxx links to Identifier
vbMethods			      xxx links to PreProc
vbStatement			    xxx links to Statement
vbKeyword			      xxx links to Statement
vbTodo			         xxx links to Todo
vbTypes			        xxx links to Type
vbDefine			       xxx links to Constant
vbNumber			       xxx links to Number
vbFloat			        xxx links to Float
vbString			       xxx links to String
vbComment			      xxx links to Comment
vbLineNumber			   xxx links to Comment
vbTypeSpecifier			 xxx links to Type
vbError			        xxx links to Error
vbIdentifier			   xxx links to Identifier
cssTagName			     xxx links to Statement
cssSelectorOp			  xxx links to Special
cssSelectorOp2			 xxx links to Special
cssUnicodeEscape			 xxx links to Special
cssStringQ			     xxx links to String
cssStringQQ			    xxx links to String
cssAttributeSelector			 xxx links to String
cssClassNameDot			 xxx links to Function
cssClassName			   xxx links to Function
cssIdentifier			  xxx links to Function
cssUnitDecorators			 xxx links to Number
cssValueInteger			 xxx links to Number
cssValueNumber			 xxx links to Number
cssValueLength			 xxx links to Number
cssValueAngle			  xxx links to Number
cssValueTime			   xxx links to Number
cssValueFrequency			 xxx links to Number
cssColor			       xxx links to Constant
cssImportant			   xxx links to Special
cssCustomProp			  xxx links to Special
cssFunctionName			 xxx links to Function
cssURL			         xxx links to String
cssFunction			    xxx links to Constant
cssFunctionComma			 xxx links to Function
cssGradientAttr			 xxx links to cssAttr
cssCommonAttr			  xxx links to cssAttr
cssAnimationProp			 xxx links to cssProp
cssAnimationAttr			 xxx links to cssAttr
cssBackgroundProp			 xxx links to cssProp
cssBackgroundAttr			 xxx links to cssAttr
cssBorderProp			  xxx links to cssProp
cssBorderAttr			  xxx links to cssAttr
cssBoxProp			     xxx links to cssProp
cssBoxAttr			     xxx links to cssAttr
cssCascadeProp			 xxx links to cssProp
cssCascadeAttr			 xxx links to cssAttr
cssColorProp			   xxx links to cssProp
cssDimensionProp			 xxx links to cssProp
cssFlexibleBoxProp			 xxx links to cssProp
cssFlexibleBoxAttr			 xxx links to cssAttr
cssFontProp			    xxx links to cssProp
cssFontAttr			    xxx links to cssAttr
cssMultiColumnProp			 xxx links to cssProp
cssMultiColumnAttr			 xxx links to cssAttr
cssInteractProp			 xxx links to cssProp
cssInteractAttr			 xxx links to cssAttr
cssGeneratedContentProp			 xxx links to cssProp
cssGeneratedContentAttr			 xxx links to cssAttr
cssGridProp			    xxx links to cssProp
cssHyerlinkProp			 xxx links to cssProp
cssListProp			    xxx links to cssProp
cssListAttr			    xxx links to cssAttr
cssPositioningProp			 xxx links to cssProp
cssPositioningAttr			 xxx links to cssAttr
cssPrintAttr			   xxx links to cssAttr
cssTableProp			   xxx links to cssProp
cssTableAttr			   xxx links to cssAttr
cssTextProp			    xxx links to cssProp
cssTextAttr			    xxx links to cssAttr
cssTransformProp			 xxx links to cssProp
cssTransitionProp			 xxx links to cssProp
cssTransitionAttr			 xxx links to cssAttr
cssUIProp			      xxx links to cssProp
cssUIAttr			      xxx links to cssAttr
cssIEUIAttr			    xxx links to cssAttr
cssIEUIProp			    xxx links to cssProp
cssAuralProp			   xxx links to cssProp
cssAuralAttr			   xxx links to cssAttr
cssMobileTextProp			 xxx links to cssProp
cssMediaProp			   xxx links to cssProp
cssMediaAttr			   xxx links to cssAttr
cssDefinition			  xxx cleared
cssKeyFrameProp			 xxx links to Constant
cssPageMarginProp			 xxx links to cssAtKeyword
cssPageProp			    xxx links to cssProp
cssFontDescriptorProp			 xxx links to cssProp
cssFontDescriptorAttr			 xxx links to cssAttr
cssBraces			      xxx links to Function
cssError			       xxx links to Error
cssAtRule			      xxx links to Include
cssAttrRegion			  xxx cleared
cssComment			     xxx links to Comment
cssVendor			      xxx links to Comment
cssHacks			       xxx links to Comment
cssNoise			       xxx links to Noise
cssBraceError			  xxx links to Error
cssAttrComma			   xxx links to Special
cssPseudoClassId			 xxx links to PreProc
cssPseudoClassFn			 xxx cleared
cssPseudoClass			 xxx cleared
cssSpecialCharQQ			 xxx cleared
cssSpecialCharQ			 xxx cleared
cssAtKeyword			   xxx links to PreProc
cssAtRuleLogical			 xxx links to Statement
cssMediaType			   xxx links to Special
cssPagePseudo			  xxx links to PreProc
cssDeprecated			  xxx links to Error
cssProp			        xxx links to StorageClass
cssContentForPagedMediaProp			 xxx links to cssProp
cssLineboxProp			 xxx links to cssProp
cssMarqueeProp			 xxx links to cssProp
cssPagedMediaProp			 xxx links to cssProp
cssPrintProp			   xxx links to cssProp
cssRubyProp			    xxx links to cssProp
cssSpeechProp			  xxx links to cssProp
cssRenderProp			  xxx links to cssProp
cssAttr			        xxx links to Constant
cssContentForPagedMediaAttr			 xxx links to cssAttr
cssDimensionAttr			 xxx links to cssAttr
cssGridAttr			    xxx links to cssAttr
cssHyerlinkAttr			 xxx links to cssAttr
cssLineboxAttr			 xxx links to cssAttr
cssMarginAttr			  xxx links to cssAttr
cssMarqueeAttr			 xxx links to cssAttr
cssPaddingAttr			 xxx links to cssAttr
cssPagedMediaAttr			 xxx links to cssAttr
cssRubyAttr			    xxx links to cssAttr
cssSpeechAttr			  xxx links to cssAttr
cssTransformAttr			 xxx links to cssAttr
cssRenderAttr			  xxx links to cssAttr
cssPseudoClassLang			 xxx links to Constant
cssMediaComma			  xxx links to Normal
cssFontDescriptor			 xxx links to Special
cssUnicodeRange			 xxx links to Constant
Noise			          xxx cleared
cssLength			      xxx cleared
cssString			      xxx cleared
htmlStyleArg			   xxx links to htmlString
htmlStatement			  xxx links to Statement
None			           xxx cleared
markdownValid			  xxx cleared
markdownLineStart			 xxx cleared
markdownH1			     xxx links to htmlH1
markdownH2			     xxx links to htmlH2
markdownH3			     xxx links to htmlH3
markdownH4			     xxx links to htmlH4
markdownH5			     xxx links to htmlH5
markdownH6			     xxx links to htmlH6
markdownBlockquote			 xxx links to Comment
markdownListMarker			 xxx links to htmlTagName
markdownOrderedListMarker			 xxx links to markdownListMarker
markdownCodeBlock			 xxx cleared
markdownRule			   xxx links to PreProc
markdownLineBreak			 xxx cleared
markdownLinkText			 xxx links to htmlLink
markdownItalic			 xxx links to htmlItalic
markdownBold			   xxx links to htmlBold
markdownCode			   xxx cleared
markdownEscape			 xxx links to Special
markdownError			  xxx links to Error
markdownHeadingRule			 xxx links to markdownRule
markdownAutomaticLink			 xxx links to markdownUrl
markdownH1Delimiter			 xxx links to markdownHeadingDelimiter
markdownH2Delimiter			 xxx links to markdownHeadingDelimiter
markdownH3Delimiter			 xxx links to markdownHeadingDelimiter
markdownH4Delimiter			 xxx links to markdownHeadingDelimiter
markdownH5Delimiter			 xxx links to markdownHeadingDelimiter
markdownH6Delimiter			 xxx links to markdownHeadingDelimiter
markdownLinkDelimiter			 xxx cleared
markdownUrl			    xxx links to Float
markdownIdDeclaration			 xxx links to Typedef
markdownUrlTitle			 xxx links to String
markdownUrlDelimiter			 xxx links to htmlTag
markdownUrlTitleDelimiter			 xxx links to Delimiter
markdownLinkTextDelimiter			 xxx cleared
markdownLink			   xxx cleared
markdownId			     xxx links to Type
markdownIdDelimiter			 xxx links to markdownLinkDelimiter
markdownItalicDelimiter			 xxx links to markdownItalic
markdownBoldDelimiter			 xxx links to markdownBold
markdownBoldItalicDelimiter			 xxx links to markdownBoldItalic
markdownBoldItalic			 xxx links to htmlBoldItalic
markdownCodeDelimiter			 xxx links to Delimiter
markdownFootnote			 xxx links to Typedef
markdownFootnoteDefinition			 xxx links to Typedef
markdownHeadingDelimiter			 xxx links to Delimiter
mkdEscape			      xxx links to Special
mkdNbsp			        xxx cleared
mkdLt			          xxx cleared
mkdGt			          xxx cleared
mkdAmp			         xxx cleared
mkdQuot			        xxx cleared
lsp_markdown1			  xxx cleared
>			              xxx cleared
helpHeadline			   xxx links to Statement
helpSectionDelim			 xxx links to PreProc
helpIgnore			     xxx links to Ignore
helpExample			    xxx links to Comment
helpBar			        xxx links to Ignore
helpHyperTextJump			 xxx links to Identifier
helpStar			       xxx links to Ignore
helpHyperTextEntry			 xxx links to String
helpBacktick			   xxx links to Ignore
helpNormal			     xxx cleared
helpVim			        xxx links to Identifier
helpOption			     xxx links to Type
helpCommand			    xxx links to Comment
helpHeader			     xxx links to PreProc
helpGraphic			    xxx cleared
helpNote			       xxx links to Todo
helpWarning			    xxx links to Todo
helpDeprecated			 xxx links to Todo
helpSpecial			    xxx links to Special
helpComment			    xxx links to Comment
helpConstant			   xxx links to Constant
helpString			     xxx links to String
helpCharacter			  xxx links to Character
helpNumber			     xxx links to Number
helpBoolean			    xxx links to Boolean
helpFloat			      xxx links to Float
helpIdentifier			 xxx links to Identifier
helpFunction			   xxx links to Function
helpStatement			  xxx links to Statement
helpConditional			 xxx links to Conditional
helpRepeat			     xxx links to Repeat
helpLabel			      xxx links to Label
helpOperator			   xxx links to Operator
helpKeyword			    xxx links to Keyword
helpException			  xxx links to Exception
helpPreProc			    xxx links to PreProc
helpInclude			    xxx links to Include
helpDefine			     xxx links to Define
helpMacro			      xxx links to Macro
helpPreCondit			  xxx links to PreCondit
helpType			       xxx links to Type
helpStorageClass			 xxx links to StorageClass
helpStructure			  xxx links to Structure
helpTypedef			    xxx links to Typedef
helpSpecialChar			 xxx links to SpecialChar
helpTag			        xxx links to Tag
helpDelimiter			  xxx links to Delimiter
helpSpecialComment			 xxx links to SpecialComment
helpDebug			      xxx links to Debug
helpUnderlined			 xxx links to Underlined
helpError			      xxx links to Error
helpTodo			       xxx links to Todo
helpURL			        xxx links to String
vimTodo			        xxx links to Todo
vimCommand			     xxx links to Statement
vimOnlyCommand			 xxx cleared
vimStdPlugin			   xxx cleared
vimOnlyOption			  xxx cleared
vimTermOption			  xxx cleared
vimErrSetting			  xxx links to vimError
vimGroup			       xxx links to Type
vimHLGroup			     xxx links to vimGroup
vimOnlyHLGroup			 xxx cleared
nvimHLGroup			    xxx links to vimHLGroup
vimGlobal			      xxx cleared
vimSubst			       xxx links to vimCommand
vimComment			     xxx links to Comment
vim9Comment			    xxx links to Comment
vimNumber			      xxx links to Number
vimAddress			     xxx links to vimMark
vimAutoCmd			     xxx links to vimCommand
vimEcho			        xxx cleared
vimIsCommand			   xxx cleared
vimExtCmd			      xxx cleared
vimFilter			      xxx cleared
vimLet			         xxx links to vimCommand
vimMap			         xxx links to vimCommand
vimMark			        xxx links to Number
vimSet			         xxx cleared
vimSyntax			      xxx links to vimCommand
vimUserCmd			     xxx cleared
vimCmdSep			      xxx cleared
vimVar			         xxx links to Identifier
vimFBVar			       xxx links to vimVar
vimInsert			      xxx links to vimString
vimBehaveModel			 xxx links to vimBehave
vimBehaveError			 xxx links to vimError
vimBehave			      xxx links to vimCommand
vimFTCmd			       xxx links to vimCommand
vimFTOption			    xxx links to vimSynType
vimFTError			     xxx links to vimError
vimFiletype			    xxx cleared
vimAugroup			     xxx cleared
vimExecute			     xxx cleared
vimNotFunc			     xxx links to vimCommand
vimFuncName			    xxx links to Function
vimFunction			    xxx cleared
vimFunctionError			 xxx links to vimError
vimLineComment			 xxx links to vimComment
vimSpecFile			    xxx links to Identifier
vimOper			        xxx links to Operator
vimOperParen			   xxx cleared
vimString			      xxx links to String
vimRegister			    xxx links to SpecialChar
vimCmplxRepeat			 xxx links to SpecialChar
vimRegion			      xxx cleared
vimSynLine			     xxx cleared
vimNotation			    xxx links to Special
vimCtrlChar			    xxx links to SpecialChar
vimFuncVar			     xxx links to Identifier
vimContinue			    xxx links to Special
vimSetEqual			    xxx cleared
vimOption			      xxx links to PreProc
vimAugroupKey			  xxx links to vimCommand
vimAugroupError			 xxx links to vimError
vimEnvvar			      xxx links to PreProc
vimFunc			        xxx links to vimError
vimParenSep			    xxx links to Delimiter
vimoperStar			    xxx links to vimOper
vimSep			         xxx links to Delimiter
vimOperError			   xxx links to Error
vimFuncKey			     xxx links to vimCommand
vimFuncSID			     xxx links to Special
vimAbb			         xxx links to vimCommand
vimEchoHL			      xxx links to vimCommand
vimHighlight			   xxx links to vimCommand
vimLetHereDoc			  xxx links to vimString
vimNorm			        xxx links to vimCommand
vimSearch			      xxx links to vimString
vimUnmap			       xxx links to vimMap
vimUserCommand			 xxx links to vimCommand
vimFuncBody			    xxx cleared
vimFuncBlank			   xxx cleared
vimPattern			     xxx links to Type
vimSpecFileMod			 xxx links to vimSpecFile
vimEscapeBrace			 xxx cleared
vimSetString			   xxx links to vimString
vimSubstRep			    xxx cleared
vimSubstRange			  xxx cleared
vimUserAttrb			   xxx links to vimSpecial
vimUserAttrbError			 xxx links to Error
vimComFilter			   xxx cleared
vimUserAttrbKey			 xxx links to vimOption
vimUserAttrbCmplt			 xxx links to vimSpecial
vimUserCmdError			 xxx links to Error
vimUserAttrbCmpltFunc			 xxx links to Special
vimCommentString			 xxx links to vimString
vimPatSepErr			   xxx links to vimError
vimPatSep			      xxx links to SpecialChar
vimPatSepZ			     xxx links to vimPatSep
vimPatSepZone			  xxx links to vimString
vimPatSepR			     xxx links to vimPatSep
vimPatRegion			   xxx cleared
vimNotPatSep			   xxx links to vimString
vimStringEnd			   xxx links to vimString
vimStringCont			  xxx links to vimString
vimSubstTwoBS			  xxx links to vimString
vimSubstSubstr			 xxx links to SpecialChar
vimCollection			  xxx cleared
vimSubstPat			    xxx cleared
vimSubst1			      xxx links to vimSubst
vimSubst2			      xxx cleared
vimSubstDelim			  xxx links to Delimiter
vimSubstRep4			   xxx cleared
vimSubstFlagErr			 xxx links to vimError
vimCollClass			   xxx cleared
vimCollClassErr			 xxx links to vimError
vimSubstFlags			  xxx links to Special
vimMarkNumber			  xxx links to vimNumber
vimPlainMark			   xxx links to vimMark
vimRange			       xxx cleared
vimPlainRegister			 xxx links to vimRegister
vimSetMod			      xxx links to vimOption
vimSetSep			      xxx links to Statement
vimLetHereDocStart			 xxx links to Special
vimLetHereDocStop			 xxx links to Special
vimMapMod			      xxx links to vimBracket
vimMapLhs			      xxx cleared
vimAutoEvent			   xxx links to Type
nvimAutoEvent			  xxx links to vimAutoEvent
vimAutoCmdSpace			 xxx cleared
vimAutoEventList			 xxx cleared
vimAutoCmdSfxList			 xxx cleared
vimAutoCmdMod			  xxx links to Special
vimEchoHLNone			  xxx links to vimGroup
vimMapBang			     xxx links to vimCommand
nvimMap			        xxx links to vimMap
nvimUnmap			      xxx links to vimUnmap
vimMapRhs			      xxx cleared
vimMapModKey			   xxx links to vimFuncSID
vimMapModErr			   xxx links to vimError
vimMapRhsExtend			 xxx cleared
vimMenuBang			    xxx cleared
vimMenuPriority			 xxx cleared
vimMenuName			    xxx links to PreProc
vimMenuMod			     xxx links to vimMapMod
vimMenuNameMore			 xxx links to vimMenuName
vimMenuMap			     xxx cleared
vimMenuRhs			     xxx cleared
vimBracket			     xxx links to Delimiter
vimUserFunc			    xxx links to Normal
vimUsrCmd			      xxx cleared
vimElseIfErr			   xxx links to Error
vimBufnrWarn			   xxx links to vimWarn
vimNormCmds			    xxx cleared
vimGroupSpecial			 xxx links to Special
vimGroupList			   xxx cleared
vimSynError			    xxx links to Error
vimSynContains			 xxx links to vimSynOption
vimSynKeyContainedin			 xxx links to vimSynContains
vimSynNextgroup			 xxx links to vimSynOption
vimSynType			     xxx links to vimSpecial
vimAuSyntax			    xxx cleared
vimSynCase			     xxx links to Type
vimSynCaseError			 xxx links to vimError
vimClusterName			 xxx cleared
vimGroupName			   xxx links to vimGroup
vimGroupAdd			    xxx links to vimSynOption
vimGroupRem			    xxx links to vimSynOption
vimIskList			     xxx cleared
vimIskSep			      xxx links to Delimiter
vimSynKeyOpt			   xxx links to vimSynOption
vimSynKeyRegion			 xxx cleared
vimMtchComment			 xxx links to vimComment
vimSynMtchOpt			  xxx links to vimSynOption
vimSynRegPat			   xxx links to vimString
vimSynMatchRegion			 xxx cleared
vimSynMtchCchar			 xxx cleared
vimSynMtchGroup			 xxx cleared
vimSynPatRange			 xxx links to vimString
vimSynNotPatRange			 xxx links to vimSynRegPat
vimSynRegOpt			   xxx links to vimSynOption
vimSynReg			      xxx links to Type
vimSynMtchGrp			  xxx links to vimSynOption
vimSynRegion			   xxx cleared
vimSynPatMod			   xxx cleared
vimSyncC			       xxx links to Type
vimSyncLines			   xxx cleared
vimSyncMatch			   xxx cleared
vimSyncError			   xxx links to Error
vimSyncLinebreak			 xxx cleared
vimSyncLinecont			 xxx cleared
vimSyncRegion			  xxx cleared
vimSyncGroupName			 xxx links to vimGroupName
vimSyncKey			     xxx links to Type
vimSyncGroup			   xxx links to vimGroupName
vimSyncNone			    xxx links to Type
vimHiLink			      xxx cleared
vimHiClear			     xxx links to vimHighlight
vimHiKeyList			   xxx cleared
vimHiCtermError			 xxx links to vimError
vimHiBang			      xxx cleared
vimHiGroup			     xxx links to vimGroupName
vimHiAttrib			    xxx links to PreProc
vimFgBgAttrib			  xxx links to vimHiAttrib
vimHiAttribList			 xxx links to vimError
vimHiCtermColor			 xxx cleared
vimHiFontname			  xxx cleared
vimHiGuiFontname			 xxx cleared
vimHiGuiRgb			    xxx links to vimNumber
vimHiBlend			     xxx links to vimHiTerm
vimHiTerm			      xxx links to Type
vimHiCTerm			     xxx links to vimHiTerm
vimHiStartStop			 xxx links to vimHiTerm
vimHiCtermFgBg			 xxx links to vimHiTerm
vimHiCtermul			   xxx links to vimHiTerm
vimHiGui			       xxx links to vimHiTerm
vimHiGuiFont			   xxx links to vimHiTerm
vimHiGuiFgBg			   xxx links to vimHiTerm
vimHiKeyError			  xxx links to vimError
vimHiTermcap			   xxx cleared
vimHiNmbr			      xxx links to Number
vimCommentTitle			 xxx links to PreProc
vim9LineComment			 xxx links to vimComment
vimCommentTitleLeader			 xxx cleared
vimSearchDelim			 xxx links to Statement
vimLuaRegion			   xxx cleared
vimScriptDelim			 xxx links to Comment
vimEmbedError			  xxx links to Normal
vimAugroupSyncA			 xxx cleared
vimError			       xxx links to Error
vimKeyCodeError			 xxx links to vimError
vimWarn			        xxx links to WarningMsg
vimAuHighlight			 xxx links to vimHighlight
vimAutoCmdOpt			  xxx links to vimOption
vimAutoSet			     xxx links to vimCommand
vimCondHL			      xxx links to vimCommand
vimElseif			      xxx links to vimCondHL
vimFold			        xxx links to Folded
vimSynOption			   xxx links to Special
vimHLMod			       xxx links to PreProc
vimKeyCode			     xxx links to vimSpecFile
vimKeyword			     xxx links to Statement
vimSpecial			     xxx links to Type
vimStatement			   xxx links to Statement
